# JRE version: OpenJDK Runtime Environment Temurin-21.0.8+9 (21.0.8+9) (build 21.0.8+9-LTS)
# Java VM: OpenJDK 64-Bit Server VM Temurin-21.0.8+9 (21.0.8+9-LTS, mixed mode, sharing, tiered, compressed oops, compressed class ptrs, parallel gc, windows-amd64)
GC Precious Log:
 CardTable entry size: 512
 CPUs: 12 total, 12 available
 Memory: 7561M
 Large Page Support: Disabled
 NUMA Support: Disabled
 Compressed Oops: Enabled (32-bit)
 Alignments: Space 512K, Generation 512K, Heap 2M
 Heap Min Capacity: 100M
 Heap Initial Capacity: 100M
 Heap Max Capacity: 2G
 Pre-touch: Disabled
 Parallel Workers: 10
Heap:
 PSYoungGen      total 11264K, used 3790K [0x00000000d5580000, 0x00000000d6780000, 0x0000000100000000)
  eden space 10240K, 30% used [0x00000000d5580000,0x00000000d588b900,0x00000000d5f80000)
  from space 1024K, 65% used [0x00000000d6680000,0x00000000d6728000,0x00000000d6780000)
  to   space 3584K, 0% used [0x00000000d6080000,0x00000000d6080000,0x00000000d6400000)
 ParOldGen       total 108544K, used 108198K [0x0000000080000000, 0x0000000086a00000, 0x00000000d5580000)
  object space 108544K, 99% used [0x0000000080000000,0x00000000869a9838,0x0000000086a00000)
 Metaspace       used 51435K, committed 52544K, reserved 1114112K
  class space    used 5651K, committed 6080K, reserved 1048576K
GC Heap History (20 events):
Event: 33.779 GC heap before
{Heap before GC invocations=25 (full 2):
 PSYoungGen      total 16384K, used 16376K [0x00000000d5580000, 0x00000000d7c00000, 0x0000000100000000)
  eden space 15872K, 100% used [0x00000000d5580000,0x00000000d6500000,0x00000000d6500000)
  from space 512K, 98% used [0x00000000d6d80000,0x00000000d6dfe1a8,0x00000000d6e00000)
  to   space 8704K, 0% used [0x00000000d6500000,0x00000000d6500000,0x00000000d6d80000)
 ParOldGen       total 79872K, used 69565K [0x0000000080000000, 0x0000000084e00000, 0x00000000d5580000)
  object space 79872K, 87% used [0x0000000080000000,0x00000000843ef4b8,0x0000000084e00000)
 Metaspace       used 50822K, committed 52032K, reserved 1114112K
  class space    used 5603K, committed 6080K, reserved 1048576K
}
Event: 33.782 GC heap after
{Heap after GC invocations=25 (full 2):
 PSYoungGen      total 19456K, used 3136K [0x00000000d5580000, 0x00000000d6e00000, 0x0000000100000000)
  eden space 15872K, 0% used [0x00000000d5580000,0x00000000d5580000,0x00000000d6500000)
  from space 3584K, 87% used [0x00000000d6500000,0x00000000d6810000,0x00000000d6880000)
  to   space 4608K, 0% used [0x00000000d6980000,0x00000000d6980000,0x00000000d6e00000)
 ParOldGen       total 79872K, used 70046K [0x0000000080000000, 0x0000000084e00000, 0x00000000d5580000)
  object space 79872K, 87% used [0x0000000080000000,0x0000000084467838,0x0000000084e00000)
 Metaspace       used 50822K, committed 52032K, reserved 1114112K
  class space    used 5603K, committed 6080K, reserved 1048576K
}
Event: 33.815 GC heap before
{Heap before GC invocations=26 (full 2):
 PSYoungGen      total 19456K, used 19008K [0x00000000d5580000, 0x00000000d6e00000, 0x0000000100000000)
  eden space 15872K, 100% used [0x00000000d5580000,0x00000000d6500000,0x00000000d6500000)
  from space 3584K, 87% used [0x00000000d6500000,0x00000000d6810000,0x00000000d6880000)
  to   space 4608K, 0% used [0x00000000d6980000,0x00000000d6980000,0x00000000d6e00000)
 ParOldGen       total 79872K, used 70046K [0x0000000080000000, 0x0000000084e00000, 0x00000000d5580000)
  object space 79872K, 87% used [0x0000000080000000,0x0000000084467838,0x0000000084e00000)
 Metaspace       used 50822K, committed 52032K, reserved 1114112K
  class space    used 5603K, committed 6080K, reserved 1048576K
}
Event: 33.824 GC heap after
{Heap after GC invocations=26 (full 2):
 PSYoungGen      total 8192K, used 4608K [0x00000000d5580000, 0x00000000d8600000, 0x0000000100000000)
  eden space 3584K, 0% used [0x00000000d5580000,0x00000000d5580000,0x00000000d5900000)
  from space 4608K, 100% used [0x00000000d6980000,0x00000000d6e00000,0x00000000d6e00000)
  to   space 16896K, 0% used [0x00000000d5900000,0x00000000d5900000,0x00000000d6980000)
 ParOldGen       total 80384K, used 80222K [0x0000000080000000, 0x0000000084e80000, 0x00000000d5580000)
  object space 80384K, 99% used [0x0000000080000000,0x0000000084e57838,0x0000000084e80000)
 Metaspace       used 50822K, committed 52032K, reserved 1114112K
  class space    used 5603K, committed 6080K, reserved 1048576K
}
Event: 33.830 GC heap before
{Heap before GC invocations=27 (full 2):
 PSYoungGen      total 8192K, used 8192K [0x00000000d5580000, 0x00000000d8600000, 0x0000000100000000)
  eden space 3584K, 100% used [0x00000000d5580000,0x00000000d5900000,0x00000000d5900000)
  from space 4608K, 100% used [0x00000000d6980000,0x00000000d6e00000,0x00000000d6e00000)
  to   space 16896K, 0% used [0x00000000d5900000,0x00000000d5900000,0x00000000d6980000)
 ParOldGen       total 80384K, used 80222K [0x0000000080000000, 0x0000000084e80000, 0x00000000d5580000)
  object space 80384K, 99% used [0x0000000080000000,0x0000000084e57838,0x0000000084e80000)
 Metaspace       used 50822K, committed 52032K, reserved 1114112K
  class space    used 5603K, committed 6080K, reserved 1048576K
}
Event: 33.835 GC heap after
{Heap after GC invocations=27 (full 2):
 PSYoungGen      total 6656K, used 2816K [0x00000000d5580000, 0x00000000d6a00000, 0x0000000100000000)
  eden space 3584K, 0% used [0x00000000d5580000,0x00000000d5580000,0x00000000d5900000)
  from space 3072K, 91% used [0x00000000d5900000,0x00000000d5bc0000,0x00000000d5c00000)
  to   space 7168K, 0% used [0x00000000d6300000,0x00000000d6300000,0x00000000d6a00000)
 ParOldGen       total 84992K, used 84886K [0x0000000080000000, 0x0000000085300000, 0x00000000d5580000)
  object space 84992K, 99% used [0x0000000080000000,0x00000000852e5838,0x0000000085300000)
 Metaspace       used 50822K, committed 52032K, reserved 1114112K
  class space    used 5603K, committed 6080K, reserved 1048576K
}
Event: 33.839 GC heap before
{Heap before GC invocations=28 (full 2):
 PSYoungGen      total 6656K, used 6400K [0x00000000d5580000, 0x00000000d6a00000, 0x0000000100000000)
  eden space 3584K, 100% used [0x00000000d5580000,0x00000000d5900000,0x00000000d5900000)
  from space 3072K, 91% used [0x00000000d5900000,0x00000000d5bc0000,0x00000000d5c00000)
  to   space 7168K, 0% used [0x00000000d6300000,0x00000000d6300000,0x00000000d6a00000)
 ParOldGen       total 84992K, used 84886K [0x0000000080000000, 0x0000000085300000, 0x00000000d5580000)
  object space 84992K, 99% used [0x0000000080000000,0x00000000852e5838,0x0000000085300000)
 Metaspace       used 50822K, committed 52032K, reserved 1114112K
  class space    used 5603K, committed 6080K, reserved 1048576K
}
Event: 33.843 GC heap after
{Heap after GC invocations=28 (full 2):
 PSYoungGen      total 6656K, used 2912K [0x00000000d5580000, 0x00000000d6600000, 0x0000000100000000)
  eden space 3584K, 0% used [0x00000000d5580000,0x00000000d5580000,0x00000000d5900000)
  from space 3072K, 94% used [0x00000000d6300000,0x00000000d65d8000,0x00000000d6600000)
  to   space 4096K, 0% used [0x00000000d5e00000,0x00000000d5e00000,0x00000000d6200000)
 ParOldGen       total 88064K, used 87630K [0x0000000080000000, 0x0000000085600000, 0x00000000d5580000)
  object space 88064K, 99% used [0x0000000080000000,0x0000000085593838,0x0000000085600000)
 Metaspace       used 50822K, committed 52032K, reserved 1114112K
  class space    used 5603K, committed 6080K, reserved 1048576K
}
Event: 33.847 GC heap before
{Heap before GC invocations=29 (full 2):
 PSYoungGen      total 6656K, used 6496K [0x00000000d5580000, 0x00000000d6600000, 0x0000000100000000)
  eden space 3584K, 100% used [0x00000000d5580000,0x00000000d5900000,0x00000000d5900000)
  from space 3072K, 94% used [0x00000000d6300000,0x00000000d65d8000,0x00000000d6600000)
  to   space 4096K, 0% used [0x00000000d5e00000,0x00000000d5e00000,0x00000000d6200000)
 ParOldGen       total 88064K, used 87630K [0x0000000080000000, 0x0000000085600000, 0x00000000d5580000)
  object space 88064K, 99% used [0x0000000080000000,0x0000000085593838,0x0000000085600000)
 Metaspace       used 50822K, committed 52032K, reserved 1114112K
  class space    used 5603K, committed 6080K, reserved 1048576K
}
Event: 33.851 GC heap after
{Heap after GC invocations=29 (full 2):
 PSYoungGen      total 8192K, used 2848K [0x00000000d5580000, 0x00000000d6380000, 0x0000000100000000)
  eden space 5120K, 0% used [0x00000000d5580000,0x00000000d5580000,0x00000000d5a80000)
  from space 3072K, 92% used [0x00000000d5e00000,0x00000000d60c8000,0x00000000d6100000)
  to   space 2560K, 0% used [0x00000000d6100000,0x00000000d6100000,0x00000000d6380000)
 ParOldGen       total 90624K, used 90414K [0x0000000080000000, 0x0000000085880000, 0x00000000d5580000)
  object space 90624K, 99% used [0x0000000080000000,0x000000008584b838,0x0000000085880000)
 Metaspace       used 50822K, committed 52032K, reserved 1114112K
  class space    used 5603K, committed 6080K, reserved 1048576K
}
Event: 33.859 GC heap before
{Heap before GC invocations=30 (full 2):
 PSYoungGen      total 8192K, used 7968K [0x00000000d5580000, 0x00000000d6380000, 0x0000000100000000)
  eden space 5120K, 100% used [0x00000000d5580000,0x00000000d5a80000,0x00000000d5a80000)
  from space 3072K, 92% used [0x00000000d5e00000,0x00000000d60c8000,0x00000000d6100000)
  to   space 2560K, 0% used [0x00000000d6100000,0x00000000d6100000,0x00000000d6380000)
 ParOldGen       total 90624K, used 90414K [0x0000000080000000, 0x0000000085880000, 0x00000000d5580000)
  object space 90624K, 99% used [0x0000000080000000,0x000000008584b838,0x0000000085880000)
 Metaspace       used 50822K, committed 52032K, reserved 1114112K
  class space    used 5603K, committed 6080K, reserved 1048576K
}
Event: 33.864 GC heap after
{Heap after GC invocations=30 (full 2):
 PSYoungGen      total 6656K, used 2560K [0x00000000d5580000, 0x00000000d6b80000, 0x0000000100000000)
  eden space 4096K, 0% used [0x00000000d5580000,0x00000000d5580000,0x00000000d5980000)
  from space 2560K, 100% used [0x00000000d6100000,0x00000000d6380000,0x00000000d6380000)
  to   space 7680K, 0% used [0x00000000d5980000,0x00000000d5980000,0x00000000d6100000)
 ParOldGen       total 94720K, used 94534K [0x0000000080000000, 0x0000000085c80000, 0x00000000d5580000)
  object space 94720K, 99% used [0x0000000080000000,0x0000000085c51838,0x0000000085c80000)
 Metaspace       used 50822K, committed 52032K, reserved 1114112K
  class space    used 5603K, committed 6080K, reserved 1048576K
}
Event: 33.869 GC heap before
{Heap before GC invocations=31 (full 2):
 PSYoungGen      total 6656K, used 6656K [0x00000000d5580000, 0x00000000d6b80000, 0x0000000100000000)
  eden space 4096K, 100% used [0x00000000d5580000,0x00000000d5980000,0x00000000d5980000)
  from space 2560K, 100% used [0x00000000d6100000,0x00000000d6380000,0x00000000d6380000)
  to   space 7680K, 0% used [0x00000000d5980000,0x00000000d5980000,0x00000000d6100000)
 ParOldGen       total 94720K, used 94534K [0x0000000080000000, 0x0000000085c80000, 0x00000000d5580000)
  object space 94720K, 99% used [0x0000000080000000,0x0000000085c51838,0x0000000085c80000)
 Metaspace       used 50822K, committed 52032K, reserved 1114112K
  class space    used 5603K, committed 6080K, reserved 1048576K
}
Event: 33.872 GC heap after
{Heap after GC invocations=31 (full 2):
 PSYoungGen      total 7680K, used 3296K [0x00000000d5580000, 0x00000000d6480000, 0x0000000100000000)
  eden space 4096K, 0% used [0x00000000d5580000,0x00000000d5580000,0x00000000d5980000)
  from space 3584K, 91% used [0x00000000d5980000,0x00000000d5cb8000,0x00000000d5d00000)
  to   space 4608K, 0% used [0x00000000d6000000,0x00000000d6000000,0x00000000d6480000)
 ParOldGen       total 97280K, used 97134K [0x0000000080000000, 0x0000000085f00000, 0x00000000d5580000)
  object space 97280K, 99% used [0x0000000080000000,0x0000000085edb838,0x0000000085f00000)
 Metaspace       used 50822K, committed 52032K, reserved 1114112K
  class space    used 5603K, committed 6080K, reserved 1048576K
}
Event: 33.877 GC heap before
{Heap before GC invocations=32 (full 2):
 PSYoungGen      total 7680K, used 7392K [0x00000000d5580000, 0x00000000d6480000, 0x0000000100000000)
  eden space 4096K, 100% used [0x00000000d5580000,0x00000000d5980000,0x00000000d5980000)
  from space 3584K, 91% used [0x00000000d5980000,0x00000000d5cb8000,0x00000000d5d00000)
  to   space 4608K, 0% used [0x00000000d6000000,0x00000000d6000000,0x00000000d6480000)
 ParOldGen       total 97280K, used 97134K [0x0000000080000000, 0x0000000085f00000, 0x00000000d5580000)
  object space 97280K, 99% used [0x0000000080000000,0x0000000085edb838,0x0000000085f00000)
 Metaspace       used 50822K, committed 52032K, reserved 1114112K
  class space    used 5603K, committed 6080K, reserved 1048576K
}
Event: 33.879 GC heap after
{Heap after GC invocations=32 (full 2):
 PSYoungGen      total 9728K, used 3296K [0x00000000d5580000, 0x00000000d6380000, 0x0000000100000000)
  eden space 6144K, 0% used [0x00000000d5580000,0x00000000d5580000,0x00000000d5b80000)
  from space 3584K, 91% used [0x00000000d6000000,0x00000000d6338000,0x00000000d6380000)
  to   space 3584K, 0% used [0x00000000d5c80000,0x00000000d5c80000,0x00000000d6000000)
 ParOldGen       total 100352K, used 100318K [0x0000000080000000, 0x0000000086200000, 0x00000000d5580000)
  object space 100352K, 99% used [0x0000000080000000,0x00000000861f7838,0x0000000086200000)
 Metaspace       used 50822K, committed 52032K, reserved 1114112K
  class space    used 5603K, committed 6080K, reserved 1048576K
}
Event: 33.886 GC heap before
{Heap before GC invocations=33 (full 2):
 PSYoungGen      total 9728K, used 9440K [0x00000000d5580000, 0x00000000d6380000, 0x0000000100000000)
  eden space 6144K, 100% used [0x00000000d5580000,0x00000000d5b80000,0x00000000d5b80000)
  from space 3584K, 91% used [0x00000000d6000000,0x00000000d6338000,0x00000000d6380000)
  to   space 3584K, 0% used [0x00000000d5c80000,0x00000000d5c80000,0x00000000d6000000)
 ParOldGen       total 100352K, used 100318K [0x0000000080000000, 0x0000000086200000, 0x00000000d5580000)
  object space 100352K, 99% used [0x0000000080000000,0x00000000861f7838,0x0000000086200000)
 Metaspace       used 50822K, committed 52032K, reserved 1114112K
  class space    used 5603K, committed 6080K, reserved 1048576K
}
Event: 33.891 GC heap after
{Heap after GC invocations=33 (full 2):
 PSYoungGen      total 10752K, used 3584K [0x00000000d5580000, 0x00000000d6f00000, 0x0000000100000000)
  eden space 7168K, 0% used [0x00000000d5580000,0x00000000d5580000,0x00000000d5c80000)
  from space 3584K, 100% used [0x00000000d5c80000,0x00000000d6000000,0x00000000d6000000)
  to   space 8704K, 0% used [0x00000000d6680000,0x00000000d6680000,0x00000000d6f00000)
 ParOldGen       total 104960K, used 104614K [0x0000000080000000, 0x0000000086680000, 0x00000000d5580000)
  object space 104960K, 99% used [0x0000000080000000,0x0000000086629838,0x0000000086680000)
 Metaspace       used 50822K, committed 52032K, reserved 1114112K
  class space    used 5603K, committed 6080K, reserved 1048576K
}
Event: 1385.173 GC heap before
{Heap before GC invocations=34 (full 2):
 PSYoungGen      total 10752K, used 10752K [0x00000000d5580000, 0x00000000d6f00000, 0x0000000100000000)
  eden space 7168K, 100% used [0x00000000d5580000,0x00000000d5c80000,0x00000000d5c80000)
  from space 3584K, 100% used [0x00000000d5c80000,0x00000000d6000000,0x00000000d6000000)
  to   space 8704K, 0% used [0x00000000d6680000,0x00000000d6680000,0x00000000d6f00000)
 ParOldGen       total 104960K, used 104614K [0x0000000080000000, 0x0000000086680000, 0x00000000d5580000)
  object space 104960K, 99% used [0x0000000080000000,0x0000000086629838,0x0000000086680000)
 Metaspace       used 51296K, committed 52416K, reserved 1114112K
  class space    used 5650K, committed 6080K, reserved 1048576K
}
Event: 1385.269 GC heap after
{Heap after GC invocations=34 (full 2):
 PSYoungGen      total 11264K, used 672K [0x00000000d5580000, 0x00000000d6780000, 0x0000000100000000)
  eden space 10240K, 0% used [0x00000000d5580000,0x00000000d5580000,0x00000000d5f80000)
  from space 1024K, 65% used [0x00000000d6680000,0x00000000d6728000,0x00000000d6780000)
  to   space 3584K, 0% used [0x00000000d6080000,0x00000000d6080000,0x00000000d6400000)
 ParOldGen       total 108544K, used 108198K [0x0000000080000000, 0x0000000086a00000, 0x00000000d5580000)
  object space 108544K, 99% used [0x0000000080000000,0x00000000869a9838,0x0000000086a00000)
 Metaspace       used 51296K, committed 52416K, reserved 1114112K
  class space    used 5650K, committed 6080K, reserved 1048576K
}

